[2022-06-06 16:44:12] local.ERROR: SQLSTATE[HY000] [2002] No connection could be made because the target machine actively refused it (SQL: select * from information_schema.tables where table_schema = doctorshood_db and table_name = migrations and table_type = 'BASE TABLE') {"exception":"[object] (Illuminate\\Database\\QueryException(code: 2002): SQLSTATE[HY000] [2002] No connection could be made because the target machine actively refused it (SQL: select * from information_schema.tables where table_schema = doctorshood_db and table_name = migrations and table_type = 'BASE TABLE') at C:\\Users\\JANHVI TIWARI\\Dropbox\\My PC (Janhvi)\\Downloads\\doctorsHood-main\\doctorsHood-main\\vendor\\laravel\\framework\\src\\Illuminate\\Database\\Connection.php:712)
[stacktrace]
#0 C:\\Users\\JANHVI TIWARI\\Dropbox\\My PC (Janhvi)\\Downloads\\doctorsHood-main\\doctorsHood-main\\vendor\\laravel\\framework\\src\\Illuminate\\Database\\Connection.php(672): Illuminate\\Database\\Connection->runQueryCallback('select * from i...', Array, Object(Closure))
#1 C:\\Users\\JANHVI TIWARI\\Dropbox\\My PC (Janhvi)\\Downloads\\doctorsHood-main\\doctorsHood-main\\vendor\\laravel\\framework\\src\\Illuminate\\Database\\Connection.php(376): Illuminate\\Database\\Connection->run('select * from i...', Array, Object(Closure))
#2 C:\\Users\\JANHVI TIWARI\\Dropbox\\My PC (Janhvi)\\Downloads\\doctorsHood-main\\doctorsHood-main\\vendor\\laravel\\framework\\src\\Illuminate\\Database\\Schema\\MySqlBuilder.php(44): Illuminate\\Database\\Connection->select('select * from i...', Array)
#3 C:\\Users\\JANHVI TIWARI\\Dropbox\\My PC (Janhvi)\\Downloads\\doctorsHood-main\\doctorsHood-main\\vendor\\laravel\\framework\\src\\Illuminate\\Database\\Migrations\\DatabaseMigrationRepository.php(169): Illuminate\\Database\\Schema\\MySqlBuilder->hasTable('migrations')
#4 C:\\Users\\JANHVI TIWARI\\Dropbox\\My PC (Janhvi)\\Downloads\\doctorsHood-main\\doctorsHood-main\\vendor\\laravel\\framework\\src\\Illuminate\\Database\\Migrations\\Migrator.php(652): Illuminate\\Database\\Migrations\\DatabaseMigrationRepository->repositoryExists()
#5 C:\\Users\\JANHVI TIWARI\\Dropbox\\My PC (Janhvi)\\Downloads\\doctorsHood-main\\doctorsHood-main\\vendor\\laravel\\framework\\src\\Illuminate\\Database\\Console\\Migrations\\MigrateCommand.php(106): Illuminate\\Database\\Migrations\\Migrator->repositoryExists()
#6 C:\\Users\\JANHVI TIWARI\\Dropbox\\My PC (Janhvi)\\Downloads\\doctorsHood-main\\doctorsHood-main\\vendor\\laravel\\framework\\src\\Illuminate\\Database\\Console\\Migrations\\MigrateCommand.php(77): Illuminate\\Database\\Console\\Migrations\\MigrateCommand->prepareDatabase()
#7 C:\\Users\\JANHVI TIWARI\\Dropbox\\My PC (Janhvi)\\Downloads\\doctorsHood-main\\doctorsHood-main\\vendor\\laravel\\framework\\src\\Illuminate\\Database\\Migrations\\Migrator.php(585): Illuminate\\Database\\Console\\Migrations\\MigrateCommand->Illuminate\\Database\\Console\\Migrations\\{closure}()
#8 C:\\Users\\JANHVI TIWARI\\Dropbox\\My PC (Janhvi)\\Downloads\\doctorsHood-main\\doctorsHood-main\\vendor\\laravel\\framework\\src\\Illuminate\\Database\\Console\\Migrations\\MigrateCommand.php(94): Illuminate\\Database\\Migrations\\Migrator->usingConnection(NULL, Object(Closure))
#9 C:\\Users\\JANHVI TIWARI\\Dropbox\\My PC (Janhvi)\\Downloads\\doctorsHood-main\\doctorsHood-main\\vendor\\laravel\\framework\\src\\Illuminate\\Container\\BoundMethod.php(36): Illuminate\\Database\\Console\\Migrations\\MigrateCommand->handle()
#10 C:\\Users\\JANHVI TIWARI\\Dropbox\\My PC (Janhvi)\\Downloads\\doctorsHood-main\\doctorsHood-main\\vendor\\laravel\\framework\\src\\Illuminate\\Container\\Util.php(40): Illuminate\\Container\\BoundMethod::Illuminate\\Container\\{closure}()
#11 C:\\Users\\JANHVI TIWARI\\Dropbox\\My PC (Janhvi)\\Downloads\\doctorsHood-main\\doctorsHood-main\\vendor\\laravel\\framework\\src\\Illuminate\\Container\\BoundMethod.php(93): Illuminate\\Container\\Util::unwrapIfClosure(Object(Closure))
#12 C:\\Users\\JANHVI TIWARI\\Dropbox\\My PC (Janhvi)\\Downloads\\doctorsHood-main\\doctorsHood-main\\vendor\\laravel\\framework\\src\\Illuminate\\Container\\BoundMethod.php(37): Illuminate\\Container\\BoundMethod::callBoundMethod(Object(Illuminate\\Foundation\\Application), Array, Object(Closure))
#13 C:\\Users\\JANHVI TIWARI\\Dropbox\\My PC (Janhvi)\\Downloads\\doctorsHood-main\\doctorsHood-main\\vendor\\laravel\\framework\\src\\Illuminate\\Container\\Container.php(653): Illuminate\\Container\\BoundMethod::call(Object(Illuminate\\Foundation\\Application), Array, Array, NULL)
#14 C:\\Users\\JANHVI TIWARI\\Dropbox\\My PC (Janhvi)\\Downloads\\doctorsHood-main\\doctorsHood-main\\vendor\\laravel\\framework\\src\\Illuminate\\Console\\Command.php(136): Illuminate\\Container\\Container->call(Array)
#15 C:\\Users\\JANHVI TIWARI\\Dropbox\\My PC (Janhvi)\\Downloads\\doctorsHood-main\\doctorsHood-main\\vendor\\symfony\\console\\Command\\Command.php(298): Illuminate\\Console\\Command->execute(Object(Symfony\\Component\\Console\\Input\\ArgvInput), Object(Illuminate\\Console\\OutputStyle))
#16 C:\\Users\\JANHVI TIWARI\\Dropbox\\My PC (Janhvi)\\Downloads\\doctorsHood-main\\doctorsHood-main\\vendor\\laravel\\framework\\src\\Illuminate\\Console\\Command.php(121): Symfony\\Component\\Console\\Command\\Command->run(Object(Symfony\\Component\\Console\\Input\\ArgvInput), Object(Illuminate\\Console\\OutputStyle))
#17 C:\\Users\\JANHVI TIWARI\\Dropbox\\My PC (Janhvi)\\Downloads\\doctorsHood-main\\doctorsHood-main\\vendor\\symfony\\console\\Application.php(1015): Illuminate\\Console\\Command->run(Object(Symfony\\Component\\Console\\Input\\ArgvInput), Object(Symfony\\Component\\Console\\Output\\ConsoleOutput))
#18 C:\\Users\\JANHVI TIWARI\\Dropbox\\My PC (Janhvi)\\Downloads\\doctorsHood-main\\doctorsHood-main\\vendor\\symfony\\console\\Application.php(299): Symfony\\Component\\Console\\Application->doRunCommand(Object(Illuminate\\Database\\Console\\Migrations\\MigrateCommand), Object(Symfony\\Component\\Console\\Input\\ArgvInput), Object(Symfony\\Component\\Console\\Output\\ConsoleOutput))
#19 C:\\Users\\JANHVI TIWARI\\Dropbox\\My PC (Janhvi)\\Downloads\\doctorsHood-main\\doctorsHood-main\\vendor\\symfony\\console\\Application.php(171): Symfony\\Component\\Console\\Application->doRun(Object(Symfony\\Component\\Console\\Input\\ArgvInput), Object(Symfony\\Component\\Console\\Output\\ConsoleOutput))
#20 C:\\Users\\JANHVI TIWARI\\Dropbox\\My PC (Janhvi)\\Downloads\\doctorsHood-main\\doctorsHood-main\\vendor\\laravel\\framework\\src\\Illuminate\\Console\\Application.php(94): Symfony\\Component\\Console\\Application->run(Object(Symfony\\Component\\Console\\Input\\ArgvInput), Object(Symfony\\Component\\Console\\Output\\ConsoleOutput))
#21 C:\\Users\\JANHVI TIWARI\\Dropbox\\My PC (Janhvi)\\Downloads\\doctorsHood-main\\doctorsHood-main\\vendor\\laravel\\framework\\src\\Illuminate\\Foundation\\Console\\Kernel.php(129): Illuminate\\Console\\Application->run(Object(Symfony\\Component\\Console\\Input\\ArgvInput), Object(Symfony\\Component\\Console\\Output\\ConsoleOutput))
#22 C:\\Users\\JANHVI TIWARI\\Dropbox\\My PC (Janhvi)\\Downloads\\doctorsHood-main\\doctorsHood-main\\artisan(37): Illuminate\\Foundation\\Console\\Kernel->handle(Object(Symfony\\Component\\Console\\Input\\ArgvInput), Object(Symfony\\Component\\Console\\Output\\ConsoleOutput))
#23 {main}

[previous exception] [object] (PDOException(code: 2002): SQLSTATE[HY000] [2002] No connection could be made because the target machine actively refused it at C:\\Users\\JANHVI TIWARI\\Dropbox\\My PC (Janhvi)\\Downloads\\doctorsHood-main\\doctorsHood-main\\vendor\\laravel\\framework\\src\\Illuminate\\Database\\Connectors\\Connector.php:70)
[stacktrace]
#0 C:\\Users\\JANHVI TIWARI\\Dropbox\\My PC (Janhvi)\\Downloads\\doctorsHood-main\\doctorsHood-main\\vendor\\laravel\\framework\\src\\Illuminate\\Database\\Connectors\\Connector.php(70): PDO->__construct('mysql:host=127....', 'root', '', Array)
#1 C:\\Users\\JANHVI TIWARI\\Dropbox\\My PC (Janhvi)\\Downloads\\doctorsHood-main\\doctorsHood-main\\vendor\\laravel\\framework\\src\\Illuminate\\Database\\Connectors\\Connector.php(46): Illuminate\\Database\\Connectors\\Connector->createPdoConnection('mysql:host=127....', 'root', '', Array)
#2 C:\\Users\\JANHVI TIWARI\\Dropbox\\My PC (Janhvi)\\Downloads\\doctorsHood-main\\doctorsHood-main\\vendor\\laravel\\framework\\src\\Illuminate\\Database\\Connectors\\MySqlConnector.php(24): Illuminate\\Database\\Connectors\\Connector->createConnection('mysql:host=127....', Array, Array)
#3 C:\\Users\\JANHVI TIWARI\\Dropbox\\My PC (Janhvi)\\Downloads\\doctorsHood-main\\doctorsHood-main\\vendor\\laravel\\framework\\src\\Illuminate\\Database\\Connectors\\ConnectionFactory.php(184): Illuminate\\Database\\Connectors\\MySqlConnector->connect(Array)
#4 [internal function]: Illuminate\\Database\\Connectors\\ConnectionFactory->Illuminate\\Database\\Connectors\\{closure}()
#5 C:\\Users\\JANHVI TIWARI\\Dropbox\\My PC (Janhvi)\\Downloads\\doctorsHood-main\\doctorsHood-main\\vendor\\laravel\\framework\\src\\Illuminate\\Database\\Connection.php(1062): call_user_func(Object(Closure))
#6 C:\\Users\\JANHVI TIWARI\\Dropbox\\My PC (Janhvi)\\Downloads\\doctorsHood-main\\doctorsHood-main\\vendor\\laravel\\framework\\src\\Illuminate\\Database\\Connection.php(1098): Illuminate\\Database\\Connection->getPdo()
#7 C:\\Users\\JANHVI TIWARI\\Dropbox\\My PC (Janhvi)\\Downloads\\doctorsHood-main\\doctorsHood-main\\vendor\\laravel\\framework\\src\\Illuminate\\Database\\Connection.php(442): Illuminate\\Database\\Connection->getReadPdo()
#8 C:\\Users\\JANHVI TIWARI\\Dropbox\\My PC (Janhvi)\\Downloads\\doctorsHood-main\\doctorsHood-main\\vendor\\laravel\\framework\\src\\Illuminate\\Database\\Connection.php(368): Illuminate\\Database\\Connection->getPdoForSelect(true)
#9 C:\\Users\\JANHVI TIWARI\\Dropbox\\My PC (Janhvi)\\Downloads\\doctorsHood-main\\doctorsHood-main\\vendor\\laravel\\framework\\src\\Illuminate\\Database\\Connection.php(705): Illuminate\\Database\\Connection->Illuminate\\Database\\{closure}('select * from i...', Array)
#10 C:\\Users\\JANHVI TIWARI\\Dropbox\\My PC (Janhvi)\\Downloads\\doctorsHood-main\\doctorsHood-main\\vendor\\laravel\\framework\\src\\Illuminate\\Database\\Connection.php(672): Illuminate\\Database\\Connection->runQueryCallback('select * from i...', Array, Object(Closure))
#11 C:\\Users\\JANHVI TIWARI\\Dropbox\\My PC (Janhvi)\\Downloads\\doctorsHood-main\\doctorsHood-main\\vendor\\laravel\\framework\\src\\Illuminate\\Database\\Connection.php(376): Illuminate\\Database\\Connection->run('select * from i...', Array, Object(Closure))
#12 C:\\Users\\JANHVI TIWARI\\Dropbox\\My PC (Janhvi)\\Downloads\\doctorsHood-main\\doctorsHood-main\\vendor\\laravel\\framework\\src\\Illuminate\\Database\\Schema\\MySqlBuilder.php(44): Illuminate\\Database\\Connection->select('select * from i...', Array)
#13 C:\\Users\\JANHVI TIWARI\\Dropbox\\My PC (Janhvi)\\Downloads\\doctorsHood-main\\doctorsHood-main\\vendor\\laravel\\framework\\src\\Illuminate\\Database\\Migrations\\DatabaseMigrationRepository.php(169): Illuminate\\Database\\Schema\\MySqlBuilder->hasTable('migrations')
#14 C:\\Users\\JANHVI TIWARI\\Dropbox\\My PC (Janhvi)\\Downloads\\doctorsHood-main\\doctorsHood-main\\vendor\\laravel\\framework\\src\\Illuminate\\Database\\Migrations\\Migrator.php(652): Illuminate\\Database\\Migrations\\DatabaseMigrationRepository->repositoryExists()
#15 C:\\Users\\JANHVI TIWARI\\Dropbox\\My PC (Janhvi)\\Downloads\\doctorsHood-main\\doctorsHood-main\\vendor\\laravel\\framework\\src\\Illuminate\\Database\\Console\\Migrations\\MigrateCommand.php(106): Illuminate\\Database\\Migrations\\Migrator->repositoryExists()
#16 C:\\Users\\JANHVI TIWARI\\Dropbox\\My PC (Janhvi)\\Downloads\\doctorsHood-main\\doctorsHood-main\\vendor\\laravel\\framework\\src\\Illuminate\\Database\\Console\\Migrations\\MigrateCommand.php(77): Illuminate\\Database\\Console\\Migrations\\MigrateCommand->prepareDatabase()
#17 C:\\Users\\JANHVI TIWARI\\Dropbox\\My PC (Janhvi)\\Downloads\\doctorsHood-main\\doctorsHood-main\\vendor\\laravel\\framework\\src\\Illuminate\\Database\\Migrations\\Migrator.php(585): Illuminate\\Database\\Console\\Migrations\\MigrateCommand->Illuminate\\Database\\Console\\Migrations\\{closure}()
#18 C:\\Users\\JANHVI TIWARI\\Dropbox\\My PC (Janhvi)\\Downloads\\doctorsHood-main\\doctorsHood-main\\vendor\\laravel\\framework\\src\\Illuminate\\Database\\Console\\Migrations\\MigrateCommand.php(94): Illuminate\\Database\\Migrations\\Migrator->usingConnection(NULL, Object(Closure))
#19 C:\\Users\\JANHVI TIWARI\\Dropbox\\My PC (Janhvi)\\Downloads\\doctorsHood-main\\doctorsHood-main\\vendor\\laravel\\framework\\src\\Illuminate\\Container\\BoundMethod.php(36): Illuminate\\Database\\Console\\Migrations\\MigrateCommand->handle()
#20 C:\\Users\\JANHVI TIWARI\\Dropbox\\My PC (Janhvi)\\Downloads\\doctorsHood-main\\doctorsHood-main\\vendor\\laravel\\framework\\src\\Illuminate\\Container\\Util.php(40): Illuminate\\Container\\BoundMethod::Illuminate\\Container\\{closure}()
#21 C:\\Users\\JANHVI TIWARI\\Dropbox\\My PC (Janhvi)\\Downloads\\doctorsHood-main\\doctorsHood-main\\vendor\\laravel\\framework\\src\\Illuminate\\Container\\BoundMethod.php(93): Illuminate\\Container\\Util::unwrapIfClosure(Object(Closure))
#22 C:\\Users\\JANHVI TIWARI\\Dropbox\\My PC (Janhvi)\\Downloads\\doctorsHood-main\\doctorsHood-main\\vendor\\laravel\\framework\\src\\Illuminate\\Container\\BoundMethod.php(37): Illuminate\\Container\\BoundMethod::callBoundMethod(Object(Illuminate\\Foundation\\Application), Array, Object(Closure))
#23 C:\\Users\\JANHVI TIWARI\\Dropbox\\My PC (Janhvi)\\Downloads\\doctorsHood-main\\doctorsHood-main\\vendor\\laravel\\framework\\src\\Illuminate\\Container\\Container.php(653): Illuminate\\Container\\BoundMethod::call(Object(Illuminate\\Foundation\\Application), Array, Array, NULL)
#24 C:\\Users\\JANHVI TIWARI\\Dropbox\\My PC (Janhvi)\\Downloads\\doctorsHood-main\\doctorsHood-main\\vendor\\laravel\\framework\\src\\Illuminate\\Console\\Command.php(136): Illuminate\\Container\\Container->call(Array)
#25 C:\\Users\\JANHVI TIWARI\\Dropbox\\My PC (Janhvi)\\Downloads\\doctorsHood-main\\doctorsHood-main\\vendor\\symfony\\console\\Command\\Command.php(298): Illuminate\\Console\\Command->execute(Object(Symfony\\Component\\Console\\Input\\ArgvInput), Object(Illuminate\\Console\\OutputStyle))
#26 C:\\Users\\JANHVI TIWARI\\Dropbox\\My PC (Janhvi)\\Downloads\\doctorsHood-main\\doctorsHood-main\\vendor\\laravel\\framework\\src\\Illuminate\\Console\\Command.php(121): Symfony\\Component\\Console\\Command\\Command->run(Object(Symfony\\Component\\Console\\Input\\ArgvInput), Object(Illuminate\\Console\\OutputStyle))
#27 C:\\Users\\JANHVI TIWARI\\Dropbox\\My PC (Janhvi)\\Downloads\\doctorsHood-main\\doctorsHood-main\\vendor\\symfony\\console\\Application.php(1015): Illuminate\\Console\\Command->run(Object(Symfony\\Component\\Console\\Input\\ArgvInput), Object(Symfony\\Component\\Console\\Output\\ConsoleOutput))
#28 C:\\Users\\JANHVI TIWARI\\Dropbox\\My PC (Janhvi)\\Downloads\\doctorsHood-main\\doctorsHood-main\\vendor\\symfony\\console\\Application.php(299): Symfony\\Component\\Console\\Application->doRunCommand(Object(Illuminate\\Database\\Console\\Migrations\\MigrateCommand), Object(Symfony\\Component\\Console\\Input\\ArgvInput), Object(Symfony\\Component\\Console\\Output\\ConsoleOutput))
#29 C:\\Users\\JANHVI TIWARI\\Dropbox\\My PC (Janhvi)\\Downloads\\doctorsHood-main\\doctorsHood-main\\vendor\\symfony\\console\\Application.php(171): Symfony\\Component\\Console\\Application->doRun(Object(Symfony\\Component\\Console\\Input\\ArgvInput), Object(Symfony\\Component\\Console\\Output\\ConsoleOutput))
#30 C:\\Users\\JANHVI TIWARI\\Dropbox\\My PC (Janhvi)\\Downloads\\doctorsHood-main\\doctorsHood-main\\vendor\\laravel\\framework\\src\\Illuminate\\Console\\Application.php(94): Symfony\\Component\\Console\\Application->run(Object(Symfony\\Component\\Console\\Input\\ArgvInput), Object(Symfony\\Component\\Console\\Output\\ConsoleOutput))
#31 C:\\Users\\JANHVI TIWARI\\Dropbox\\My PC (Janhvi)\\Downloads\\doctorsHood-main\\doctorsHood-main\\vendor\\laravel\\framework\\src\\Illuminate\\Foundation\\Console\\Kernel.php(129): Illuminate\\Console\\Application->run(Object(Symfony\\Component\\Console\\Input\\ArgvInput), Object(Symfony\\Component\\Console\\Output\\ConsoleOutput))
#32 C:\\Users\\JANHVI TIWARI\\Dropbox\\My PC (Janhvi)\\Downloads\\doctorsHood-main\\doctorsHood-main\\artisan(37): Illuminate\\Foundation\\Console\\Kernel->handle(Object(Symfony\\Component\\Console\\Input\\ArgvInput), Object(Symfony\\Component\\Console\\Output\\ConsoleOutput))
#33 {main}
"} 
[2022-06-06 16:44:42] local.ERROR: SQLSTATE[HY000] [1049] Unknown database 'doctorshood_db' (SQL: select * from information_schema.tables where table_schema = doctorshood_db and table_name = migrations and table_type = 'BASE TABLE') {"exception":"[object] (Illuminate\\Database\\QueryException(code: 1049): SQLSTATE[HY000] [1049] Unknown database 'doctorshood_db' (SQL: select * from information_schema.tables where table_schema = doctorshood_db and table_name = migrations and table_type = 'BASE TABLE') at C:\\Users\\JANHVI TIWARI\\Dropbox\\My PC (Janhvi)\\Downloads\\doctorsHood-main\\doctorsHood-main\\vendor\\laravel\\framework\\src\\Illuminate\\Database\\Connection.php:712)
[stacktrace]
#0 C:\\Users\\JANHVI TIWARI\\Dropbox\\My PC (Janhvi)\\Downloads\\doctorsHood-main\\doctorsHood-main\\vendor\\laravel\\framework\\src\\Illuminate\\Database\\Connection.php(672): Illuminate\\Database\\Connection->runQueryCallback('select * from i...', Array, Object(Closure))
#1 C:\\Users\\JANHVI TIWARI\\Dropbox\\My PC (Janhvi)\\Downloads\\doctorsHood-main\\doctorsHood-main\\vendor\\laravel\\framework\\src\\Illuminate\\Database\\Connection.php(376): Illuminate\\Database\\Connection->run('select * from i...', Array, Object(Closure))
#2 C:\\Users\\JANHVI TIWARI\\Dropbox\\My PC (Janhvi)\\Downloads\\doctorsHood-main\\doctorsHood-main\\vendor\\laravel\\framework\\src\\Illuminate\\Database\\Schema\\MySqlBuilder.php(44): Illuminate\\Database\\Connection->select('select * from i...', Array)
#3 C:\\Users\\JANHVI TIWARI\\Dropbox\\My PC (Janhvi)\\Downloads\\doctorsHood-main\\doctorsHood-main\\vendor\\laravel\\framework\\src\\Illuminate\\Database\\Migrations\\DatabaseMigrationRepository.php(169): Illuminate\\Database\\Schema\\MySqlBuilder->hasTable('migrations')
#4 C:\\Users\\JANHVI TIWARI\\Dropbox\\My PC (Janhvi)\\Downloads\\doctorsHood-main\\doctorsHood-main\\vendor\\laravel\\framework\\src\\Illuminate\\Database\\Migrations\\Migrator.php(652): Illuminate\\Database\\Migrations\\DatabaseMigrationRepository->repositoryExists()
#5 C:\\Users\\JANHVI TIWARI\\Dropbox\\My PC (Janhvi)\\Downloads\\doctorsHood-main\\doctorsHood-main\\vendor\\laravel\\framework\\src\\Illuminate\\Database\\Console\\Migrations\\MigrateCommand.php(106): Illuminate\\Database\\Migrations\\Migrator->repositoryExists()
#6 C:\\Users\\JANHVI TIWARI\\Dropbox\\My PC (Janhvi)\\Downloads\\doctorsHood-main\\doctorsHood-main\\vendor\\laravel\\framework\\src\\Illuminate\\Database\\Console\\Migrations\\MigrateCommand.php(77): Illuminate\\Database\\Console\\Migrations\\MigrateCommand->prepareDatabase()
#7 C:\\Users\\JANHVI TIWARI\\Dropbox\\My PC (Janhvi)\\Downloads\\doctorsHood-main\\doctorsHood-main\\vendor\\laravel\\framework\\src\\Illuminate\\Database\\Migrations\\Migrator.php(585): Illuminate\\Database\\Console\\Migrations\\MigrateCommand->Illuminate\\Database\\Console\\Migrations\\{closure}()
#8 C:\\Users\\JANHVI TIWARI\\Dropbox\\My PC (Janhvi)\\Downloads\\doctorsHood-main\\doctorsHood-main\\vendor\\laravel\\framework\\src\\Illuminate\\Database\\Console\\Migrations\\MigrateCommand.php(94): Illuminate\\Database\\Migrations\\Migrator->usingConnection(NULL, Object(Closure))
#9 C:\\Users\\JANHVI TIWARI\\Dropbox\\My PC (Janhvi)\\Downloads\\doctorsHood-main\\doctorsHood-main\\vendor\\laravel\\framework\\src\\Illuminate\\Container\\BoundMethod.php(36): Illuminate\\Database\\Console\\Migrations\\MigrateCommand->handle()
#10 C:\\Users\\JANHVI TIWARI\\Dropbox\\My PC (Janhvi)\\Downloads\\doctorsHood-main\\doctorsHood-main\\vendor\\laravel\\framework\\src\\Illuminate\\Container\\Util.php(40): Illuminate\\Container\\BoundMethod::Illuminate\\Container\\{closure}()
#11 C:\\Users\\JANHVI TIWARI\\Dropbox\\My PC (Janhvi)\\Downloads\\doctorsHood-main\\doctorsHood-main\\vendor\\laravel\\framework\\src\\Illuminate\\Container\\BoundMethod.php(93): Illuminate\\Container\\Util::unwrapIfClosure(Object(Closure))
#12 C:\\Users\\JANHVI TIWARI\\Dropbox\\My PC (Janhvi)\\Downloads\\doctorsHood-main\\doctorsHood-main\\vendor\\laravel\\framework\\src\\Illuminate\\Container\\BoundMethod.php(37): Illuminate\\Container\\BoundMethod::callBoundMethod(Object(Illuminate\\Foundation\\Application), Array, Object(Closure))
#13 C:\\Users\\JANHVI TIWARI\\Dropbox\\My PC (Janhvi)\\Downloads\\doctorsHood-main\\doctorsHood-main\\vendor\\laravel\\framework\\src\\Illuminate\\Container\\Container.php(653): Illuminate\\Container\\BoundMethod::call(Object(Illuminate\\Foundation\\Application), Array, Array, NULL)
#14 C:\\Users\\JANHVI TIWARI\\Dropbox\\My PC (Janhvi)\\Downloads\\doctorsHood-main\\doctorsHood-main\\vendor\\laravel\\framework\\src\\Illuminate\\Console\\Command.php(136): Illuminate\\Container\\Container->call(Array)
#15 C:\\Users\\JANHVI TIWARI\\Dropbox\\My PC (Janhvi)\\Downloads\\doctorsHood-main\\doctorsHood-main\\vendor\\symfony\\console\\Command\\Command.php(298): Illuminate\\Console\\Command->execute(Object(Symfony\\Component\\Console\\Input\\ArgvInput), Object(Illuminate\\Console\\OutputStyle))
#16 C:\\Users\\JANHVI TIWARI\\Dropbox\\My PC (Janhvi)\\Downloads\\doctorsHood-main\\doctorsHood-main\\vendor\\laravel\\framework\\src\\Illuminate\\Console\\Command.php(121): Symfony\\Component\\Console\\Command\\Command->run(Object(Symfony\\Component\\Console\\Input\\ArgvInput), Object(Illuminate\\Console\\OutputStyle))
#17 C:\\Users\\JANHVI TIWARI\\Dropbox\\My PC (Janhvi)\\Downloads\\doctorsHood-main\\doctorsHood-main\\vendor\\symfony\\console\\Application.php(1015): Illuminate\\Console\\Command->run(Object(Symfony\\Component\\Console\\Input\\ArgvInput), Object(Symfony\\Component\\Console\\Output\\ConsoleOutput))
#18 C:\\Users\\JANHVI TIWARI\\Dropbox\\My PC (Janhvi)\\Downloads\\doctorsHood-main\\doctorsHood-main\\vendor\\symfony\\console\\Application.php(299): Symfony\\Component\\Console\\Application->doRunCommand(Object(Illuminate\\Database\\Console\\Migrations\\MigrateCommand), Object(Symfony\\Component\\Console\\Input\\ArgvInput), Object(Symfony\\Component\\Console\\Output\\ConsoleOutput))
#19 C:\\Users\\JANHVI TIWARI\\Dropbox\\My PC (Janhvi)\\Downloads\\doctorsHood-main\\doctorsHood-main\\vendor\\symfony\\console\\Application.php(171): Symfony\\Component\\Console\\Application->doRun(Object(Symfony\\Component\\Console\\Input\\ArgvInput), Object(Symfony\\Component\\Console\\Output\\ConsoleOutput))
#20 C:\\Users\\JANHVI TIWARI\\Dropbox\\My PC (Janhvi)\\Downloads\\doctorsHood-main\\doctorsHood-main\\vendor\\laravel\\framework\\src\\Illuminate\\Console\\Application.php(94): Symfony\\Component\\Console\\Application->run(Object(Symfony\\Component\\Console\\Input\\ArgvInput), Object(Symfony\\Component\\Console\\Output\\ConsoleOutput))
#21 C:\\Users\\JANHVI TIWARI\\Dropbox\\My PC (Janhvi)\\Downloads\\doctorsHood-main\\doctorsHood-main\\vendor\\laravel\\framework\\src\\Illuminate\\Foundation\\Console\\Kernel.php(129): Illuminate\\Console\\Application->run(Object(Symfony\\Component\\Console\\Input\\ArgvInput), Object(Symfony\\Component\\Console\\Output\\ConsoleOutput))
#22 C:\\Users\\JANHVI TIWARI\\Dropbox\\My PC (Janhvi)\\Downloads\\doctorsHood-main\\doctorsHood-main\\artisan(37): Illuminate\\Foundation\\Console\\Kernel->handle(Object(Symfony\\Component\\Console\\Input\\ArgvInput), Object(Symfony\\Component\\Console\\Output\\ConsoleOutput))
#23 {main}

[previous exception] [object] (PDOException(code: 1049): SQLSTATE[HY000] [1049] Unknown database 'doctorshood_db' at C:\\Users\\JANHVI TIWARI\\Dropbox\\My PC (Janhvi)\\Downloads\\doctorsHood-main\\doctorsHood-main\\vendor\\laravel\\framework\\src\\Illuminate\\Database\\Connectors\\Connector.php:70)
[stacktrace]
#0 C:\\Users\\JANHVI TIWARI\\Dropbox\\My PC (Janhvi)\\Downloads\\doctorsHood-main\\doctorsHood-main\\vendor\\laravel\\framework\\src\\Illuminate\\Database\\Connectors\\Connector.php(70): PDO->__construct('mysql:host=127....', 'root', '', Array)
#1 C:\\Users\\JANHVI TIWARI\\Dropbox\\My PC (Janhvi)\\Downloads\\doctorsHood-main\\doctorsHood-main\\vendor\\laravel\\framework\\src\\Illuminate\\Database\\Connectors\\Connector.php(46): Illuminate\\Database\\Connectors\\Connector->createPdoConnection('mysql:host=127....', 'root', '', Array)
#2 C:\\Users\\JANHVI TIWARI\\Dropbox\\My PC (Janhvi)\\Downloads\\doctorsHood-main\\doctorsHood-main\\vendor\\laravel\\framework\\src\\Illuminate\\Database\\Connectors\\MySqlConnector.php(24): Illuminate\\Database\\Connectors\\Connector->createConnection('mysql:host=127....', Array, Array)
#3 C:\\Users\\JANHVI TIWARI\\Dropbox\\My PC (Janhvi)\\Downloads\\doctorsHood-main\\doctorsHood-main\\vendor\\laravel\\framework\\src\\Illuminate\\Database\\Connectors\\ConnectionFactory.php(184): Illuminate\\Database\\Connectors\\MySqlConnector->connect(Array)
#4 [internal function]: Illuminate\\Database\\Connectors\\ConnectionFactory->Illuminate\\Database\\Connectors\\{closure}()
#5 C:\\Users\\JANHVI TIWARI\\Dropbox\\My PC (Janhvi)\\Downloads\\doctorsHood-main\\doctorsHood-main\\vendor\\laravel\\framework\\src\\Illuminate\\Database\\Connection.php(1062): call_user_func(Object(Closure))
#6 C:\\Users\\JANHVI TIWARI\\Dropbox\\My PC (Janhvi)\\Downloads\\doctorsHood-main\\doctorsHood-main\\vendor\\laravel\\framework\\src\\Illuminate\\Database\\Connection.php(1098): Illuminate\\Database\\Connection->getPdo()
#7 C:\\Users\\JANHVI TIWARI\\Dropbox\\My PC (Janhvi)\\Downloads\\doctorsHood-main\\doctorsHood-main\\vendor\\laravel\\framework\\src\\Illuminate\\Database\\Connection.php(442): Illuminate\\Database\\Connection->getReadPdo()
#8 C:\\Users\\JANHVI TIWARI\\Dropbox\\My PC (Janhvi)\\Downloads\\doctorsHood-main\\doctorsHood-main\\vendor\\laravel\\framework\\src\\Illuminate\\Database\\Connection.php(368): Illuminate\\Database\\Connection->getPdoForSelect(true)
#9 C:\\Users\\JANHVI TIWARI\\Dropbox\\My PC (Janhvi)\\Downloads\\doctorsHood-main\\doctorsHood-main\\vendor\\laravel\\framework\\src\\Illuminate\\Database\\Connection.php(705): Illuminate\\Database\\Connection->Illuminate\\Database\\{closure}('select * from i...', Array)
#10 C:\\Users\\JANHVI TIWARI\\Dropbox\\My PC (Janhvi)\\Downloads\\doctorsHood-main\\doctorsHood-main\\vendor\\laravel\\framework\\src\\Illuminate\\Database\\Connection.php(672): Illuminate\\Database\\Connection->runQueryCallback('select * from i...', Array, Object(Closure))
#11 C:\\Users\\JANHVI TIWARI\\Dropbox\\My PC (Janhvi)\\Downloads\\doctorsHood-main\\doctorsHood-main\\vendor\\laravel\\framework\\src\\Illuminate\\Database\\Connection.php(376): Illuminate\\Database\\Connection->run('select * from i...', Array, Object(Closure))
#12 C:\\Users\\JANHVI TIWARI\\Dropbox\\My PC (Janhvi)\\Downloads\\doctorsHood-main\\doctorsHood-main\\vendor\\laravel\\framework\\src\\Illuminate\\Database\\Schema\\MySqlBuilder.php(44): Illuminate\\Database\\Connection->select('select * from i...', Array)
#13 C:\\Users\\JANHVI TIWARI\\Dropbox\\My PC (Janhvi)\\Downloads\\doctorsHood-main\\doctorsHood-main\\vendor\\laravel\\framework\\src\\Illuminate\\Database\\Migrations\\DatabaseMigrationRepository.php(169): Illuminate\\Database\\Schema\\MySqlBuilder->hasTable('migrations')
#14 C:\\Users\\JANHVI TIWARI\\Dropbox\\My PC (Janhvi)\\Downloads\\doctorsHood-main\\doctorsHood-main\\vendor\\laravel\\framework\\src\\Illuminate\\Database\\Migrations\\Migrator.php(652): Illuminate\\Database\\Migrations\\DatabaseMigrationRepository->repositoryExists()
#15 C:\\Users\\JANHVI TIWARI\\Dropbox\\My PC (Janhvi)\\Downloads\\doctorsHood-main\\doctorsHood-main\\vendor\\laravel\\framework\\src\\Illuminate\\Database\\Console\\Migrations\\MigrateCommand.php(106): Illuminate\\Database\\Migrations\\Migrator->repositoryExists()
#16 C:\\Users\\JANHVI TIWARI\\Dropbox\\My PC (Janhvi)\\Downloads\\doctorsHood-main\\doctorsHood-main\\vendor\\laravel\\framework\\src\\Illuminate\\Database\\Console\\Migrations\\MigrateCommand.php(77): Illuminate\\Database\\Console\\Migrations\\MigrateCommand->prepareDatabase()
#17 C:\\Users\\JANHVI TIWARI\\Dropbox\\My PC (Janhvi)\\Downloads\\doctorsHood-main\\doctorsHood-main\\vendor\\laravel\\framework\\src\\Illuminate\\Database\\Migrations\\Migrator.php(585): Illuminate\\Database\\Console\\Migrations\\MigrateCommand->Illuminate\\Database\\Console\\Migrations\\{closure}()
#18 C:\\Users\\JANHVI TIWARI\\Dropbox\\My PC (Janhvi)\\Downloads\\doctorsHood-main\\doctorsHood-main\\vendor\\laravel\\framework\\src\\Illuminate\\Database\\Console\\Migrations\\MigrateCommand.php(94): Illuminate\\Database\\Migrations\\Migrator->usingConnection(NULL, Object(Closure))
#19 C:\\Users\\JANHVI TIWARI\\Dropbox\\My PC (Janhvi)\\Downloads\\doctorsHood-main\\doctorsHood-main\\vendor\\laravel\\framework\\src\\Illuminate\\Container\\BoundMethod.php(36): Illuminate\\Database\\Console\\Migrations\\MigrateCommand->handle()
#20 C:\\Users\\JANHVI TIWARI\\Dropbox\\My PC (Janhvi)\\Downloads\\doctorsHood-main\\doctorsHood-main\\vendor\\laravel\\framework\\src\\Illuminate\\Container\\Util.php(40): Illuminate\\Container\\BoundMethod::Illuminate\\Container\\{closure}()
#21 C:\\Users\\JANHVI TIWARI\\Dropbox\\My PC (Janhvi)\\Downloads\\doctorsHood-main\\doctorsHood-main\\vendor\\laravel\\framework\\src\\Illuminate\\Container\\BoundMethod.php(93): Illuminate\\Container\\Util::unwrapIfClosure(Object(Closure))
#22 C:\\Users\\JANHVI TIWARI\\Dropbox\\My PC (Janhvi)\\Downloads\\doctorsHood-main\\doctorsHood-main\\vendor\\laravel\\framework\\src\\Illuminate\\Container\\BoundMethod.php(37): Illuminate\\Container\\BoundMethod::callBoundMethod(Object(Illuminate\\Foundation\\Application), Array, Object(Closure))
#23 C:\\Users\\JANHVI TIWARI\\Dropbox\\My PC (Janhvi)\\Downloads\\doctorsHood-main\\doctorsHood-main\\vendor\\laravel\\framework\\src\\Illuminate\\Container\\Container.php(653): Illuminate\\Container\\BoundMethod::call(Object(Illuminate\\Foundation\\Application), Array, Array, NULL)
#24 C:\\Users\\JANHVI TIWARI\\Dropbox\\My PC (Janhvi)\\Downloads\\doctorsHood-main\\doctorsHood-main\\vendor\\laravel\\framework\\src\\Illuminate\\Console\\Command.php(136): Illuminate\\Container\\Container->call(Array)
#25 C:\\Users\\JANHVI TIWARI\\Dropbox\\My PC (Janhvi)\\Downloads\\doctorsHood-main\\doctorsHood-main\\vendor\\symfony\\console\\Command\\Command.php(298): Illuminate\\Console\\Command->execute(Object(Symfony\\Component\\Console\\Input\\ArgvInput), Object(Illuminate\\Console\\OutputStyle))
#26 C:\\Users\\JANHVI TIWARI\\Dropbox\\My PC (Janhvi)\\Downloads\\doctorsHood-main\\doctorsHood-main\\vendor\\laravel\\framework\\src\\Illuminate\\Console\\Command.php(121): Symfony\\Component\\Console\\Command\\Command->run(Object(Symfony\\Component\\Console\\Input\\ArgvInput), Object(Illuminate\\Console\\OutputStyle))
#27 C:\\Users\\JANHVI TIWARI\\Dropbox\\My PC (Janhvi)\\Downloads\\doctorsHood-main\\doctorsHood-main\\vendor\\symfony\\console\\Application.php(1015): Illuminate\\Console\\Command->run(Object(Symfony\\Component\\Console\\Input\\ArgvInput), Object(Symfony\\Component\\Console\\Output\\ConsoleOutput))
#28 C:\\Users\\JANHVI TIWARI\\Dropbox\\My PC (Janhvi)\\Downloads\\doctorsHood-main\\doctorsHood-main\\vendor\\symfony\\console\\Application.php(299): Symfony\\Component\\Console\\Application->doRunCommand(Object(Illuminate\\Database\\Console\\Migrations\\MigrateCommand), Object(Symfony\\Component\\Console\\Input\\ArgvInput), Object(Symfony\\Component\\Console\\Output\\ConsoleOutput))
#29 C:\\Users\\JANHVI TIWARI\\Dropbox\\My PC (Janhvi)\\Downloads\\doctorsHood-main\\doctorsHood-main\\vendor\\symfony\\console\\Application.php(171): Symfony\\Component\\Console\\Application->doRun(Object(Symfony\\Component\\Console\\Input\\ArgvInput), Object(Symfony\\Component\\Console\\Output\\ConsoleOutput))
#30 C:\\Users\\JANHVI TIWARI\\Dropbox\\My PC (Janhvi)\\Downloads\\doctorsHood-main\\doctorsHood-main\\vendor\\laravel\\framework\\src\\Illuminate\\Console\\Application.php(94): Symfony\\Component\\Console\\Application->run(Object(Symfony\\Component\\Console\\Input\\ArgvInput), Object(Symfony\\Component\\Console\\Output\\ConsoleOutput))
#31 C:\\Users\\JANHVI TIWARI\\Dropbox\\My PC (Janhvi)\\Downloads\\doctorsHood-main\\doctorsHood-main\\vendor\\laravel\\framework\\src\\Illuminate\\Foundation\\Console\\Kernel.php(129): Illuminate\\Console\\Application->run(Object(Symfony\\Component\\Console\\Input\\ArgvInput), Object(Symfony\\Component\\Console\\Output\\ConsoleOutput))
#32 C:\\Users\\JANHVI TIWARI\\Dropbox\\My PC (Janhvi)\\Downloads\\doctorsHood-main\\doctorsHood-main\\artisan(37): Illuminate\\Foundation\\Console\\Kernel->handle(Object(Symfony\\Component\\Console\\Input\\ArgvInput), Object(Symfony\\Component\\Console\\Output\\ConsoleOutput))
#33 {main}
"} 
[2022-06-06 16:44:49] local.ERROR: SQLSTATE[HY000] [1049] Unknown database 'doctorshood_db' (SQL: select * from information_schema.tables where table_schema = doctorshood_db and table_name = migrations and table_type = 'BASE TABLE') {"exception":"[object] (Illuminate\\Database\\QueryException(code: 1049): SQLSTATE[HY000] [1049] Unknown database 'doctorshood_db' (SQL: select * from information_schema.tables where table_schema = doctorshood_db and table_name = migrations and table_type = 'BASE TABLE') at C:\\Users\\JANHVI TIWARI\\Dropbox\\My PC (Janhvi)\\Downloads\\doctorsHood-main\\doctorsHood-main\\vendor\\laravel\\framework\\src\\Illuminate\\Database\\Connection.php:712)
[stacktrace]
#0 C:\\Users\\JANHVI TIWARI\\Dropbox\\My PC (Janhvi)\\Downloads\\doctorsHood-main\\doctorsHood-main\\vendor\\laravel\\framework\\src\\Illuminate\\Database\\Connection.php(672): Illuminate\\Database\\Connection->runQueryCallback('select * from i...', Array, Object(Closure))
#1 C:\\Users\\JANHVI TIWARI\\Dropbox\\My PC (Janhvi)\\Downloads\\doctorsHood-main\\doctorsHood-main\\vendor\\laravel\\framework\\src\\Illuminate\\Database\\Connection.php(376): Illuminate\\Database\\Connection->run('select * from i...', Array, Object(Closure))
#2 C:\\Users\\JANHVI TIWARI\\Dropbox\\My PC (Janhvi)\\Downloads\\doctorsHood-main\\doctorsHood-main\\vendor\\laravel\\framework\\src\\Illuminate\\Database\\Schema\\MySqlBuilder.php(44): Illuminate\\Database\\Connection->select('select * from i...', Array)
#3 C:\\Users\\JANHVI TIWARI\\Dropbox\\My PC (Janhvi)\\Downloads\\doctorsHood-main\\doctorsHood-main\\vendor\\laravel\\framework\\src\\Illuminate\\Database\\Migrations\\DatabaseMigrationRepository.php(169): Illuminate\\Database\\Schema\\MySqlBuilder->hasTable('migrations')
#4 C:\\Users\\JANHVI TIWARI\\Dropbox\\My PC (Janhvi)\\Downloads\\doctorsHood-main\\doctorsHood-main\\vendor\\laravel\\framework\\src\\Illuminate\\Database\\Migrations\\Migrator.php(652): Illuminate\\Database\\Migrations\\DatabaseMigrationRepository->repositoryExists()
#5 C:\\Users\\JANHVI TIWARI\\Dropbox\\My PC (Janhvi)\\Downloads\\doctorsHood-main\\doctorsHood-main\\vendor\\laravel\\framework\\src\\Illuminate\\Database\\Console\\Migrations\\MigrateCommand.php(106): Illuminate\\Database\\Migrations\\Migrator->repositoryExists()
#6 C:\\Users\\JANHVI TIWARI\\Dropbox\\My PC (Janhvi)\\Downloads\\doctorsHood-main\\doctorsHood-main\\vendor\\laravel\\framework\\src\\Illuminate\\Database\\Console\\Migrations\\MigrateCommand.php(77): Illuminate\\Database\\Console\\Migrations\\MigrateCommand->prepareDatabase()
#7 C:\\Users\\JANHVI TIWARI\\Dropbox\\My PC (Janhvi)\\Downloads\\doctorsHood-main\\doctorsHood-main\\vendor\\laravel\\framework\\src\\Illuminate\\Database\\Migrations\\Migrator.php(585): Illuminate\\Database\\Console\\Migrations\\MigrateCommand->Illuminate\\Database\\Console\\Migrations\\{closure}()
#8 C:\\Users\\JANHVI TIWARI\\Dropbox\\My PC (Janhvi)\\Downloads\\doctorsHood-main\\doctorsHood-main\\vendor\\laravel\\framework\\src\\Illuminate\\Database\\Console\\Migrations\\MigrateCommand.php(94): Illuminate\\Database\\Migrations\\Migrator->usingConnection(NULL, Object(Closure))
#9 C:\\Users\\JANHVI TIWARI\\Dropbox\\My PC (Janhvi)\\Downloads\\doctorsHood-main\\doctorsHood-main\\vendor\\laravel\\framework\\src\\Illuminate\\Container\\BoundMethod.php(36): Illuminate\\Database\\Console\\Migrations\\MigrateCommand->handle()
#10 C:\\Users\\JANHVI TIWARI\\Dropbox\\My PC (Janhvi)\\Downloads\\doctorsHood-main\\doctorsHood-main\\vendor\\laravel\\framework\\src\\Illuminate\\Container\\Util.php(40): Illuminate\\Container\\BoundMethod::Illuminate\\Container\\{closure}()
#11 C:\\Users\\JANHVI TIWARI\\Dropbox\\My PC (Janhvi)\\Downloads\\doctorsHood-main\\doctorsHood-main\\vendor\\laravel\\framework\\src\\Illuminate\\Container\\BoundMethod.php(93): Illuminate\\Container\\Util::unwrapIfClosure(Object(Closure))
#12 C:\\Users\\JANHVI TIWARI\\Dropbox\\My PC (Janhvi)\\Downloads\\doctorsHood-main\\doctorsHood-main\\vendor\\laravel\\framework\\src\\Illuminate\\Container\\BoundMethod.php(37): Illuminate\\Container\\BoundMethod::callBoundMethod(Object(Illuminate\\Foundation\\Application), Array, Object(Closure))
#13 C:\\Users\\JANHVI TIWARI\\Dropbox\\My PC (Janhvi)\\Downloads\\doctorsHood-main\\doctorsHood-main\\vendor\\laravel\\framework\\src\\Illuminate\\Container\\Container.php(653): Illuminate\\Container\\BoundMethod::call(Object(Illuminate\\Foundation\\Application), Array, Array, NULL)
#14 C:\\Users\\JANHVI TIWARI\\Dropbox\\My PC (Janhvi)\\Downloads\\doctorsHood-main\\doctorsHood-main\\vendor\\laravel\\framework\\src\\Illuminate\\Console\\Command.php(136): Illuminate\\Container\\Container->call(Array)
#15 C:\\Users\\JANHVI TIWARI\\Dropbox\\My PC (Janhvi)\\Downloads\\doctorsHood-main\\doctorsHood-main\\vendor\\symfony\\console\\Command\\Command.php(298): Illuminate\\Console\\Command->execute(Object(Symfony\\Component\\Console\\Input\\ArgvInput), Object(Illuminate\\Console\\OutputStyle))
#16 C:\\Users\\JANHVI TIWARI\\Dropbox\\My PC (Janhvi)\\Downloads\\doctorsHood-main\\doctorsHood-main\\vendor\\laravel\\framework\\src\\Illuminate\\Console\\Command.php(121): Symfony\\Component\\Console\\Command\\Command->run(Object(Symfony\\Component\\Console\\Input\\ArgvInput), Object(Illuminate\\Console\\OutputStyle))
#17 C:\\Users\\JANHVI TIWARI\\Dropbox\\My PC (Janhvi)\\Downloads\\doctorsHood-main\\doctorsHood-main\\vendor\\symfony\\console\\Application.php(1015): Illuminate\\Console\\Command->run(Object(Symfony\\Component\\Console\\Input\\ArgvInput), Object(Symfony\\Component\\Console\\Output\\ConsoleOutput))
#18 C:\\Users\\JANHVI TIWARI\\Dropbox\\My PC (Janhvi)\\Downloads\\doctorsHood-main\\doctorsHood-main\\vendor\\symfony\\console\\Application.php(299): Symfony\\Component\\Console\\Application->doRunCommand(Object(Illuminate\\Database\\Console\\Migrations\\MigrateCommand), Object(Symfony\\Component\\Console\\Input\\ArgvInput), Object(Symfony\\Component\\Console\\Output\\ConsoleOutput))
#19 C:\\Users\\JANHVI TIWARI\\Dropbox\\My PC (Janhvi)\\Downloads\\doctorsHood-main\\doctorsHood-main\\vendor\\symfony\\console\\Application.php(171): Symfony\\Component\\Console\\Application->doRun(Object(Symfony\\Component\\Console\\Input\\ArgvInput), Object(Symfony\\Component\\Console\\Output\\ConsoleOutput))
#20 C:\\Users\\JANHVI TIWARI\\Dropbox\\My PC (Janhvi)\\Downloads\\doctorsHood-main\\doctorsHood-main\\vendor\\laravel\\framework\\src\\Illuminate\\Console\\Application.php(94): Symfony\\Component\\Console\\Application->run(Object(Symfony\\Component\\Console\\Input\\ArgvInput), Object(Symfony\\Component\\Console\\Output\\ConsoleOutput))
#21 C:\\Users\\JANHVI TIWARI\\Dropbox\\My PC (Janhvi)\\Downloads\\doctorsHood-main\\doctorsHood-main\\vendor\\laravel\\framework\\src\\Illuminate\\Foundation\\Console\\Kernel.php(129): Illuminate\\Console\\Application->run(Object(Symfony\\Component\\Console\\Input\\ArgvInput), Object(Symfony\\Component\\Console\\Output\\ConsoleOutput))
#22 C:\\Users\\JANHVI TIWARI\\Dropbox\\My PC (Janhvi)\\Downloads\\doctorsHood-main\\doctorsHood-main\\artisan(37): Illuminate\\Foundation\\Console\\Kernel->handle(Object(Symfony\\Component\\Console\\Input\\ArgvInput), Object(Symfony\\Component\\Console\\Output\\ConsoleOutput))
#23 {main}

[previous exception] [object] (PDOException(code: 1049): SQLSTATE[HY000] [1049] Unknown database 'doctorshood_db' at C:\\Users\\JANHVI TIWARI\\Dropbox\\My PC (Janhvi)\\Downloads\\doctorsHood-main\\doctorsHood-main\\vendor\\laravel\\framework\\src\\Illuminate\\Database\\Connectors\\Connector.php:70)
[stacktrace]
#0 C:\\Users\\JANHVI TIWARI\\Dropbox\\My PC (Janhvi)\\Downloads\\doctorsHood-main\\doctorsHood-main\\vendor\\laravel\\framework\\src\\Illuminate\\Database\\Connectors\\Connector.php(70): PDO->__construct('mysql:host=127....', 'root', '', Array)
#1 C:\\Users\\JANHVI TIWARI\\Dropbox\\My PC (Janhvi)\\Downloads\\doctorsHood-main\\doctorsHood-main\\vendor\\laravel\\framework\\src\\Illuminate\\Database\\Connectors\\Connector.php(46): Illuminate\\Database\\Connectors\\Connector->createPdoConnection('mysql:host=127....', 'root', '', Array)
#2 C:\\Users\\JANHVI TIWARI\\Dropbox\\My PC (Janhvi)\\Downloads\\doctorsHood-main\\doctorsHood-main\\vendor\\laravel\\framework\\src\\Illuminate\\Database\\Connectors\\MySqlConnector.php(24): Illuminate\\Database\\Connectors\\Connector->createConnection('mysql:host=127....', Array, Array)
#3 C:\\Users\\JANHVI TIWARI\\Dropbox\\My PC (Janhvi)\\Downloads\\doctorsHood-main\\doctorsHood-main\\vendor\\laravel\\framework\\src\\Illuminate\\Database\\Connectors\\ConnectionFactory.php(184): Illuminate\\Database\\Connectors\\MySqlConnector->connect(Array)
#4 [internal function]: Illuminate\\Database\\Connectors\\ConnectionFactory->Illuminate\\Database\\Connectors\\{closure}()
#5 C:\\Users\\JANHVI TIWARI\\Dropbox\\My PC (Janhvi)\\Downloads\\doctorsHood-main\\doctorsHood-main\\vendor\\laravel\\framework\\src\\Illuminate\\Database\\Connection.php(1062): call_user_func(Object(Closure))
#6 C:\\Users\\JANHVI TIWARI\\Dropbox\\My PC (Janhvi)\\Downloads\\doctorsHood-main\\doctorsHood-main\\vendor\\laravel\\framework\\src\\Illuminate\\Database\\Connection.php(1098): Illuminate\\Database\\Connection->getPdo()
#7 C:\\Users\\JANHVI TIWARI\\Dropbox\\My PC (Janhvi)\\Downloads\\doctorsHood-main\\doctorsHood-main\\vendor\\laravel\\framework\\src\\Illuminate\\Database\\Connection.php(442): Illuminate\\Database\\Connection->getReadPdo()
#8 C:\\Users\\JANHVI TIWARI\\Dropbox\\My PC (Janhvi)\\Downloads\\doctorsHood-main\\doctorsHood-main\\vendor\\laravel\\framework\\src\\Illuminate\\Database\\Connection.php(368): Illuminate\\Database\\Connection->getPdoForSelect(true)
#9 C:\\Users\\JANHVI TIWARI\\Dropbox\\My PC (Janhvi)\\Downloads\\doctorsHood-main\\doctorsHood-main\\vendor\\laravel\\framework\\src\\Illuminate\\Database\\Connection.php(705): Illuminate\\Database\\Connection->Illuminate\\Database\\{closure}('select * from i...', Array)
#10 C:\\Users\\JANHVI TIWARI\\Dropbox\\My PC (Janhvi)\\Downloads\\doctorsHood-main\\doctorsHood-main\\vendor\\laravel\\framework\\src\\Illuminate\\Database\\Connection.php(672): Illuminate\\Database\\Connection->runQueryCallback('select * from i...', Array, Object(Closure))
#11 C:\\Users\\JANHVI TIWARI\\Dropbox\\My PC (Janhvi)\\Downloads\\doctorsHood-main\\doctorsHood-main\\vendor\\laravel\\framework\\src\\Illuminate\\Database\\Connection.php(376): Illuminate\\Database\\Connection->run('select * from i...', Array, Object(Closure))
#12 C:\\Users\\JANHVI TIWARI\\Dropbox\\My PC (Janhvi)\\Downloads\\doctorsHood-main\\doctorsHood-main\\vendor\\laravel\\framework\\src\\Illuminate\\Database\\Schema\\MySqlBuilder.php(44): Illuminate\\Database\\Connection->select('select * from i...', Array)
#13 C:\\Users\\JANHVI TIWARI\\Dropbox\\My PC (Janhvi)\\Downloads\\doctorsHood-main\\doctorsHood-main\\vendor\\laravel\\framework\\src\\Illuminate\\Database\\Migrations\\DatabaseMigrationRepository.php(169): Illuminate\\Database\\Schema\\MySqlBuilder->hasTable('migrations')
#14 C:\\Users\\JANHVI TIWARI\\Dropbox\\My PC (Janhvi)\\Downloads\\doctorsHood-main\\doctorsHood-main\\vendor\\laravel\\framework\\src\\Illuminate\\Database\\Migrations\\Migrator.php(652): Illuminate\\Database\\Migrations\\DatabaseMigrationRepository->repositoryExists()
#15 C:\\Users\\JANHVI TIWARI\\Dropbox\\My PC (Janhvi)\\Downloads\\doctorsHood-main\\doctorsHood-main\\vendor\\laravel\\framework\\src\\Illuminate\\Database\\Console\\Migrations\\MigrateCommand.php(106): Illuminate\\Database\\Migrations\\Migrator->repositoryExists()
#16 C:\\Users\\JANHVI TIWARI\\Dropbox\\My PC (Janhvi)\\Downloads\\doctorsHood-main\\doctorsHood-main\\vendor\\laravel\\framework\\src\\Illuminate\\Database\\Console\\Migrations\\MigrateCommand.php(77): Illuminate\\Database\\Console\\Migrations\\MigrateCommand->prepareDatabase()
#17 C:\\Users\\JANHVI TIWARI\\Dropbox\\My PC (Janhvi)\\Downloads\\doctorsHood-main\\doctorsHood-main\\vendor\\laravel\\framework\\src\\Illuminate\\Database\\Migrations\\Migrator.php(585): Illuminate\\Database\\Console\\Migrations\\MigrateCommand->Illuminate\\Database\\Console\\Migrations\\{closure}()
#18 C:\\Users\\JANHVI TIWARI\\Dropbox\\My PC (Janhvi)\\Downloads\\doctorsHood-main\\doctorsHood-main\\vendor\\laravel\\framework\\src\\Illuminate\\Database\\Console\\Migrations\\MigrateCommand.php(94): Illuminate\\Database\\Migrations\\Migrator->usingConnection(NULL, Object(Closure))
#19 C:\\Users\\JANHVI TIWARI\\Dropbox\\My PC (Janhvi)\\Downloads\\doctorsHood-main\\doctorsHood-main\\vendor\\laravel\\framework\\src\\Illuminate\\Container\\BoundMethod.php(36): Illuminate\\Database\\Console\\Migrations\\MigrateCommand->handle()
#20 C:\\Users\\JANHVI TIWARI\\Dropbox\\My PC (Janhvi)\\Downloads\\doctorsHood-main\\doctorsHood-main\\vendor\\laravel\\framework\\src\\Illuminate\\Container\\Util.php(40): Illuminate\\Container\\BoundMethod::Illuminate\\Container\\{closure}()
#21 C:\\Users\\JANHVI TIWARI\\Dropbox\\My PC (Janhvi)\\Downloads\\doctorsHood-main\\doctorsHood-main\\vendor\\laravel\\framework\\src\\Illuminate\\Container\\BoundMethod.php(93): Illuminate\\Container\\Util::unwrapIfClosure(Object(Closure))
#22 C:\\Users\\JANHVI TIWARI\\Dropbox\\My PC (Janhvi)\\Downloads\\doctorsHood-main\\doctorsHood-main\\vendor\\laravel\\framework\\src\\Illuminate\\Container\\BoundMethod.php(37): Illuminate\\Container\\BoundMethod::callBoundMethod(Object(Illuminate\\Foundation\\Application), Array, Object(Closure))
#23 C:\\Users\\JANHVI TIWARI\\Dropbox\\My PC (Janhvi)\\Downloads\\doctorsHood-main\\doctorsHood-main\\vendor\\laravel\\framework\\src\\Illuminate\\Container\\Container.php(653): Illuminate\\Container\\BoundMethod::call(Object(Illuminate\\Foundation\\Application), Array, Array, NULL)
#24 C:\\Users\\JANHVI TIWARI\\Dropbox\\My PC (Janhvi)\\Downloads\\doctorsHood-main\\doctorsHood-main\\vendor\\laravel\\framework\\src\\Illuminate\\Console\\Command.php(136): Illuminate\\Container\\Container->call(Array)
#25 C:\\Users\\JANHVI TIWARI\\Dropbox\\My PC (Janhvi)\\Downloads\\doctorsHood-main\\doctorsHood-main\\vendor\\symfony\\console\\Command\\Command.php(298): Illuminate\\Console\\Command->execute(Object(Symfony\\Component\\Console\\Input\\ArgvInput), Object(Illuminate\\Console\\OutputStyle))
#26 C:\\Users\\JANHVI TIWARI\\Dropbox\\My PC (Janhvi)\\Downloads\\doctorsHood-main\\doctorsHood-main\\vendor\\laravel\\framework\\src\\Illuminate\\Console\\Command.php(121): Symfony\\Component\\Console\\Command\\Command->run(Object(Symfony\\Component\\Console\\Input\\ArgvInput), Object(Illuminate\\Console\\OutputStyle))
#27 C:\\Users\\JANHVI TIWARI\\Dropbox\\My PC (Janhvi)\\Downloads\\doctorsHood-main\\doctorsHood-main\\vendor\\symfony\\console\\Application.php(1015): Illuminate\\Console\\Command->run(Object(Symfony\\Component\\Console\\Input\\ArgvInput), Object(Symfony\\Component\\Console\\Output\\ConsoleOutput))
#28 C:\\Users\\JANHVI TIWARI\\Dropbox\\My PC (Janhvi)\\Downloads\\doctorsHood-main\\doctorsHood-main\\vendor\\symfony\\console\\Application.php(299): Symfony\\Component\\Console\\Application->doRunCommand(Object(Illuminate\\Database\\Console\\Migrations\\MigrateCommand), Object(Symfony\\Component\\Console\\Input\\ArgvInput), Object(Symfony\\Component\\Console\\Output\\ConsoleOutput))
#29 C:\\Users\\JANHVI TIWARI\\Dropbox\\My PC (Janhvi)\\Downloads\\doctorsHood-main\\doctorsHood-main\\vendor\\symfony\\console\\Application.php(171): Symfony\\Component\\Console\\Application->doRun(Object(Symfony\\Component\\Console\\Input\\ArgvInput), Object(Symfony\\Component\\Console\\Output\\ConsoleOutput))
#30 C:\\Users\\JANHVI TIWARI\\Dropbox\\My PC (Janhvi)\\Downloads\\doctorsHood-main\\doctorsHood-main\\vendor\\laravel\\framework\\src\\Illuminate\\Console\\Application.php(94): Symfony\\Component\\Console\\Application->run(Object(Symfony\\Component\\Console\\Input\\ArgvInput), Object(Symfony\\Component\\Console\\Output\\ConsoleOutput))
#31 C:\\Users\\JANHVI TIWARI\\Dropbox\\My PC (Janhvi)\\Downloads\\doctorsHood-main\\doctorsHood-main\\vendor\\laravel\\framework\\src\\Illuminate\\Foundation\\Console\\Kernel.php(129): Illuminate\\Console\\Application->run(Object(Symfony\\Component\\Console\\Input\\ArgvInput), Object(Symfony\\Component\\Console\\Output\\ConsoleOutput))
#32 C:\\Users\\JANHVI TIWARI\\Dropbox\\My PC (Janhvi)\\Downloads\\doctorsHood-main\\doctorsHood-main\\artisan(37): Illuminate\\Foundation\\Console\\Kernel->handle(Object(Symfony\\Component\\Console\\Input\\ArgvInput), Object(Symfony\\Component\\Console\\Output\\ConsoleOutput))
#33 {main}
"} 
[2022-06-06 16:46:18] local.ERROR: Command "db:" is ambiguous.
Did you mean one of these?
    db:wipe Drop all tables, views, and types
    db:seed Seed the database with records. {"exception":"[object] (Symfony\\Component\\Console\\Exception\\CommandNotFoundException(code: 0): Command \"db:\" is ambiguous.
Did you mean one of these?
    db:wipe Drop all tables, views, and types
    db:seed Seed the database with records. at C:\\Users\\JANHVI TIWARI\\Dropbox\\My PC (Janhvi)\\Downloads\\doctorsHood-main\\doctorsHood-main\\vendor\\symfony\\console\\Application.php:750)
[stacktrace]
#0 C:\\Users\\JANHVI TIWARI\\Dropbox\\My PC (Janhvi)\\Downloads\\doctorsHood-main\\doctorsHood-main\\vendor\\symfony\\console\\Application.php(259): Symfony\\Component\\Console\\Application->find('db:')
#1 C:\\Users\\JANHVI TIWARI\\Dropbox\\My PC (Janhvi)\\Downloads\\doctorsHood-main\\doctorsHood-main\\vendor\\symfony\\console\\Application.php(171): Symfony\\Component\\Console\\Application->doRun(Object(Symfony\\Component\\Console\\Input\\ArgvInput), Object(Symfony\\Component\\Console\\Output\\ConsoleOutput))
#2 C:\\Users\\JANHVI TIWARI\\Dropbox\\My PC (Janhvi)\\Downloads\\doctorsHood-main\\doctorsHood-main\\vendor\\laravel\\framework\\src\\Illuminate\\Console\\Application.php(94): Symfony\\Component\\Console\\Application->run(Object(Symfony\\Component\\Console\\Input\\ArgvInput), Object(Symfony\\Component\\Console\\Output\\ConsoleOutput))
#3 C:\\Users\\JANHVI TIWARI\\Dropbox\\My PC (Janhvi)\\Downloads\\doctorsHood-main\\doctorsHood-main\\vendor\\laravel\\framework\\src\\Illuminate\\Foundation\\Console\\Kernel.php(129): Illuminate\\Console\\Application->run(Object(Symfony\\Component\\Console\\Input\\ArgvInput), Object(Symfony\\Component\\Console\\Output\\ConsoleOutput))
#4 C:\\Users\\JANHVI TIWARI\\Dropbox\\My PC (Janhvi)\\Downloads\\doctorsHood-main\\doctorsHood-main\\artisan(37): Illuminate\\Foundation\\Console\\Kernel->handle(Object(Symfony\\Component\\Console\\Input\\ArgvInput), Object(Symfony\\Component\\Console\\Output\\ConsoleOutput))
#5 {main}
"} 
[2022-06-06 16:46:43] local.ERROR: Command "db:doctorshood_db" is not defined.

Did you mean one of these?
    db
    db:seed
    db:wipe {"exception":"[object] (Symfony\\Component\\Console\\Exception\\CommandNotFoundException(code: 0): Command \"db:doctorshood_db\" is not defined.

Did you mean one of these?
    db
    db:seed
    db:wipe at C:\\Users\\JANHVI TIWARI\\Dropbox\\My PC (Janhvi)\\Downloads\\doctorsHood-main\\doctorsHood-main\\vendor\\symfony\\console\\Application.php:709)
[stacktrace]
#0 C:\\Users\\JANHVI TIWARI\\Dropbox\\My PC (Janhvi)\\Downloads\\doctorsHood-main\\doctorsHood-main\\vendor\\symfony\\console\\Application.php(259): Symfony\\Component\\Console\\Application->find('db:doctorshood_...')
#1 C:\\Users\\JANHVI TIWARI\\Dropbox\\My PC (Janhvi)\\Downloads\\doctorsHood-main\\doctorsHood-main\\vendor\\symfony\\console\\Application.php(171): Symfony\\Component\\Console\\Application->doRun(Object(Symfony\\Component\\Console\\Input\\ArgvInput), Object(Symfony\\Component\\Console\\Output\\ConsoleOutput))
#2 C:\\Users\\JANHVI TIWARI\\Dropbox\\My PC (Janhvi)\\Downloads\\doctorsHood-main\\doctorsHood-main\\vendor\\laravel\\framework\\src\\Illuminate\\Console\\Application.php(94): Symfony\\Component\\Console\\Application->run(Object(Symfony\\Component\\Console\\Input\\ArgvInput), Object(Symfony\\Component\\Console\\Output\\ConsoleOutput))
#3 C:\\Users\\JANHVI TIWARI\\Dropbox\\My PC (Janhvi)\\Downloads\\doctorsHood-main\\doctorsHood-main\\vendor\\laravel\\framework\\src\\Illuminate\\Foundation\\Console\\Kernel.php(129): Illuminate\\Console\\Application->run(Object(Symfony\\Component\\Console\\Input\\ArgvInput), Object(Symfony\\Component\\Console\\Output\\ConsoleOutput))
#4 C:\\Users\\JANHVI TIWARI\\Dropbox\\My PC (Janhvi)\\Downloads\\doctorsHood-main\\doctorsHood-main\\artisan(37): Illuminate\\Foundation\\Console\\Kernel->handle(Object(Symfony\\Component\\Console\\Input\\ArgvInput), Object(Symfony\\Component\\Console\\Output\\ConsoleOutput))
#5 {main}
"} 
